c:\users\sohaib\desktop\programs\carrom\carrom vs2013\openglbasics\debug\vc120.pdb
c:\users\sohaib\desktop\programs\carrom\carrom vs2013\openglbasics\debug\vc120.idb
c:\users\sohaib\desktop\programs\carrom\carrom vs2013\openglbasics\debug\game_functions.obj
c:\users\sohaib\desktop\programs\carrom\carrom vs2013\openglbasics\debug\main_game.obj
c:\users\sohaib\desktop\programs\carrom\carrom vs2013\openglbasics\debug\variables.obj
c:\users\sohaib\desktop\programs\carrom\v2\openglbasics\debug\vc120.pdb
c:\users\sohaib\desktop\programs\carrom\v2\openglbasics\debug\vc120.idb
c:\users\sohaib\desktop\programs\carrom\v2\openglbasics\debug\game_functions.obj
c:\users\sohaib\desktop\programs\carrom\v2\openglbasics\debug\main_game.obj
c:\users\sohaib\desktop\programs\carrom\v2\openglbasics\debug\variables.obj
c:\users\sohaib\desktop\programs\carrom\carrom vs2013\debug\carrom project.ilk
c:\users\sohaib\desktop\programs\carrom\carrom vs2013\debug\carrom project.exe
c:\users\sohaib\desktop\programs\carrom\carrom vs2013\debug\carrom project.pdb
c:\users\sohaib\desktop\programs\carrom\v2\debug\carrom project.ilk
c:\users\sohaib\desktop\programs\carrom\v2\debug\carrom project.exe
c:\users\sohaib\desktop\programs\carrom\v2\debug\carrom project.pdb
c:\users\sohaib\desktop\programs\carrom\v2\openglbasics\debug\carrom project.tlog\cl.command.1.tlog
c:\users\sohaib\desktop\programs\carrom\v2\openglbasics\debug\carrom project.tlog\cl.read.1.tlog
c:\users\sohaib\desktop\programs\carrom\v2\openglbasics\debug\carrom project.tlog\cl.write.1.tlog
c:\users\sohaib\desktop\programs\carrom\v2\openglbasics\debug\carrom project.tlog\link.command.1.tlog
c:\users\sohaib\desktop\programs\carrom\v2\openglbasics\debug\carrom project.tlog\link.read.1.tlog
c:\users\sohaib\desktop\programs\carrom\v2\openglbasics\debug\carrom project.tlog\link.write.1.tlog
